
$ ./add
2012/04/05 03:04:57 server: listening
2012/04/05 03:05:04 server: accepted from 127.0.0.1:39383
2012/04/05 03:05:04 server: conn: type assert to TLS succeedded
2012/04/05 03:05:04 server: conn: Handshake completed
2012/04/05 03:05:04 Server: client public key is:
2012/04/05 03:05:04 [48 129 159 48 13 6 9 42 134 72 134 247 13 1 1 1 5 0 3 129 141 0 48 129 137 2 129 129 0 197 79 172 29 38 190 251 240 195 160 59 110 52 183 4 105 228 135 60 224 252 238 53 169 37 198 86 84 0 162 111 34 145 115 33 3 105 96 16 146 142 158 147 72 75 165 157 129 69 4 85 151 3 7 4 15 201 113 255 8 87 94 26 153 226 122 109 213 199 180 153 58 130 120 140 196 201 140 115 147 75 180 13 99 39 166 62 143 157 140 34 175 74 143 135 204 53 14 2 240 144 243 233 182 127 14 6 131 189 146 211 166 250 186 235 159 213 86 201 190 159 195 136 75 175 17 150 1 2 3 1 0 1] <nil>
2012/04/05 03:05:08 server: X=2
2012/04/05 03:05:08 server: Y=3
2012/04/05 03:05:08 server: Z=5
2012/04/05 03:05:10 server: X=9
2012/04/05 03:05:10 server: Y=9
2012/04/05 03:05:10 server: Z=18
2012/04/05 03:05:12 server: X=900
2012/04/05 03:05:12 server: Y=900
2012/04/05 03:05:12 server: Z=1800

$ ./client 
2012/04/05 03:05:04 client: connected to:  127.0.0.1:8000
Client: Server public key is:
[48 129 159 48 13 6 9 42 134 72 134 247 13 1 1 1 5 0 3 129 141 0 48 129 137 2 129 129 0 189 150 134 62 194 175 117 233 77 115 70 58 48 128 201 217 73 135 151 149 161 154 33 156 47 45 211 131 130 153 147 46 205 168 14 68 196 11 16 231 90 12 60 183 179 188 121 91 126 224 143 219 230 37 92 251 102 3 148 166 159 205 87 250 138 58 184 80 33 14 228 88 100 159 225 138 117 100 90 138 229 226 83 73 171 116 116 112 22 2 205 132 64 161 32 238 228 5 89 165 18 210 146 133 112 135 104 48 74 1 71 148 72 224 46 103 142 191 205 136 99 96 145 72 42 74 53 247 2 3 1 0 1] <nil>
2012/04/05 03:05:04 client: handshake:  true
2012/04/05 03:05:04 client: mutual:  true
Enter 2 numbers> 2 3
Sending 2 and 3
Received 5

Enter 2 numbers> 9 9
Sending 9 and 9
Received 18

Enter 2 numbers> 900 900
Sending 900 and 900
Received 1800

Enter 2 numbers> 

